C:\DROPBOX\PROGRAMS\CONSOLE DUNGEON\CONSOLE DUNGEON\DEBUG\CONSOLE DUNGEON.PCH
C:\DROPBOX\PROGRAMS\CONSOLE DUNGEON\CONSOLE DUNGEON\DEBUG\STDAFX.OBJ
C:\DROPBOX\PROGRAMS\CONSOLE DUNGEON\CONSOLE DUNGEON\DEBUG\VC110.PDB
C:\DROPBOX\PROGRAMS\CONSOLE DUNGEON\CONSOLE DUNGEON\DEBUG\CHARACTER.OBJ
C:\DROPBOX\PROGRAMS\CONSOLE DUNGEON\CONSOLE DUNGEON\DEBUG\CONSOLE DUNGEON.OBJ
C:\DROPBOX\PROGRAMS\CONSOLE DUNGEON\CONSOLE DUNGEON\DEBUG\CREATURE.OBJ
C:\DROPBOX\PROGRAMS\CONSOLE DUNGEON\CONSOLE DUNGEON\DEBUG\ENGINE.OBJ
C:\DROPBOX\PROGRAMS\CONSOLE DUNGEON\CONSOLE DUNGEON\DEBUG\MAP.OBJ
C:\DROPBOX\PROGRAMS\CONSOLE DUNGEON\CONSOLE DUNGEON\DEBUG\OBJECT.OBJ
C:\DROPBOX\PROGRAMS\CONSOLE DUNGEON\DEBUG\CONSOLE DUNGEON.ILK
C:\DROPBOX\PROGRAMS\CONSOLE DUNGEON\DEBUG\CONSOLE DUNGEON.EXE
C:\DROPBOX\PROGRAMS\CONSOLE DUNGEON\DEBUG\CONSOLE DUNGEON.PDB
C:\Dropbox\Programs\Console Dungeon\Console Dungeon\Debug\Character.obj
C:\Dropbox\Programs\Console Dungeon\Console Dungeon\Debug\Console Dungeon.obj
C:\Dropbox\Programs\Console Dungeon\Console Dungeon\Debug\Creature.obj
C:\Dropbox\Programs\Console Dungeon\Console Dungeon\Debug\Engine.obj
C:\Dropbox\Programs\Console Dungeon\Console Dungeon\Debug\Map.obj
C:\Dropbox\Programs\Console Dungeon\Console Dungeon\Debug\Object.obj
C:\Dropbox\Programs\Console Dungeon\Console Dungeon\Debug\stdafx.obj
C:\Dropbox\Programs\Console Dungeon\Console Dungeon\Debug\cl.command.1.tlog
C:\Dropbox\Programs\Console Dungeon\Console Dungeon\Debug\CL.read.1.tlog
C:\Dropbox\Programs\Console Dungeon\Console Dungeon\Debug\CL.write.1.tlog
C:\Dropbox\Programs\Console Dungeon\Console Dungeon\Debug\link-cvtres.read.1.tlog
C:\Dropbox\Programs\Console Dungeon\Console Dungeon\Debug\link-cvtres.write.1.tlog
C:\Dropbox\Programs\Console Dungeon\Console Dungeon\Debug\link-rc.read.1.tlog
C:\Dropbox\Programs\Console Dungeon\Console Dungeon\Debug\link-rc.write.1.tlog
C:\Dropbox\Programs\Console Dungeon\Console Dungeon\Debug\link.command.1.tlog
C:\Dropbox\Programs\Console Dungeon\Console Dungeon\Debug\link.read.1.tlog
C:\Dropbox\Programs\Console Dungeon\Console Dungeon\Debug\link.write.1.tlog
C:\Dropbox\Programs\Console Dungeon\Console Dungeon\Debug\vc110.idb
C:\Dropbox\Programs\Console Dungeon\Console Dungeon\Debug\vc110.pdb
C:\Dropbox\Programs\Console Dungeon\Debug\Console Dungeon.pdb
C:\Dropbox\Programs\Console Dungeon\Debug\Console Dungeon.exe
C:\Dropbox\Programs\Console Dungeon\Debug\Console Dungeon.ilk
