Build started 17.10.2013 г. 10:50:15 ч..
     1>Project "D:\Dropbox\code\_lubo\Console Dungeon\Console Dungeon\Console Dungeon.vcxproj" on node 2 (Build target(s)).
     1>ClCompile:
         C:\Program Files\Microsoft Visual Studio 11.0\VC\bin\CL.exe /c /ZI /nologo /W3 /WX- /sdl /Od /Oy- /D WIN32 /D _DEBUG /D _CONSOLE /D _UNICODE /D UNICODE /Gm /EHsc /RTC1 /MDd /GS /fp:precise /Zc:wchar_t /Zc:forScope /Yu"stdafx.h" /Fp"Debug\Console Dungeon.pch" /Fo"Debug\\" /Fd"Debug\vc110.pdb" /FR"Debug\\" /Gd /TP /analyze- /errorReport:prompt Player.cpp
         Player.cpp
     1>d:\dropbox\code\_lubo\console dungeon\console dungeon\player.cpp(14): warning C4800: 'SHORT' : forcing value to bool 'true' or 'false' (performance warning)
     1>d:\dropbox\code\_lubo\console dungeon\console dungeon\player.cpp(21): warning C4715: 'Player::_inAir' : not all control paths return a value
       Link:
         C:\Program Files\Microsoft Visual Studio 11.0\VC\bin\link.exe /ERRORREPORT:PROMPT /OUT:"D:\Dropbox\code\_lubo\Console Dungeon\Debug\Console Dungeon.exe" /INCREMENTAL /NOLOGO kernel32.lib user32.lib gdi32.lib winspool.lib comdlg32.lib advapi32.lib shell32.lib ole32.lib oleaut32.lib uuid.lib odbc32.lib odbccp32.lib /MANIFEST /MANIFESTUAC:"level='asInvoker' uiAccess='false'" /manifest:embed /DEBUG /PDB:"D:\Dropbox\code\_lubo\Console Dungeon\Debug\Console Dungeon.pdb" /SUBSYSTEM:CONSOLE /TLBID:1 /DYNAMICBASE /NXCOMPAT /IMPLIB:"D:\Dropbox\code\_lubo\Console Dungeon\Debug\Console Dungeon.lib" /MACHINE:X86 "Debug\Console Dungeon.obj"
         Debug\Creature.obj
         Debug\Engine.obj
         Debug\Map.obj
         Debug\Object.obj
         Debug\Player.obj
         Debug\stdafx.obj
         Debug\Texture.obj
         Console Dungeon.vcxproj -> D:\Dropbox\code\_lubo\Console Dungeon\Debug\Console Dungeon.exe
       BscMake:
         C:\Program Files\Microsoft Visual Studio 11.0\VC\bin\bscmake.exe /nologo /o"D:\Dropbox\code\_lubo\Console Dungeon\Debug\Console Dungeon.bsc" /n "Debug\Console Dungeon.sbr" Debug\Creature.sbr Debug\Engine.sbr Debug\Map.sbr Debug\Object.sbr Debug\Player.sbr Debug\stdafx.sbr Debug\Texture.sbr
     1>Done Building Project "D:\Dropbox\code\_lubo\Console Dungeon\Console Dungeon\Console Dungeon.vcxproj" (Build target(s)).

Build succeeded.

Time Elapsed 00:00:02.38
